<?xml version="1.0" encoding="UTF-8"?>
<!-- Generated by org.testng.reporters.JUnitReportReporter -->
<testsuite skipped="0" hostname="P-Gosai-Pc" name="Practice.DummyProject.LoadTest01Test" tests="1" failures="0" timestamp="07 Apr 2020 10:21:18 GMT" time="40.529" errors="0">
  <testcase name="loginPageTitleTest" time="40.529" classname="Practice.DummyProject.LoadTest01Test"/>
</testsuite> <!-- Practice.DummyProject.LoadTest01Test -->
