<?xml version="1.0" encoding="UTF-8"?>
<!-- Generated by org.testng.reporters.JUnitReportReporter -->
<testsuite skipped="0" hostname="P-Gosai-Pc" name="Practice.DummyProject.LoadTest01" tests="1" failures="0" timestamp="04 Apr 2020 07:06:31 GMT" time="1.899" errors="0">
  <testcase name="verifySearchButton" time="1.899" classname="Practice.DummyProject.LoadTest01"/>
</testsuite> <!-- Practice.DummyProject.LoadTest01 -->
